2026.03.25 13:47:04 INFO  Started: Metals version 1.6.6 in folders '/home/naswek/scala_projects/lab1' for client Visual Studio Code 1.108.2.
2026.03.25 13:47:04 INFO  Memory monitor started
2026.03.25 13:47:04 WARN  Using H2 2.4.240 which is newer than the version Flyway has been verified with. The latest verified version of H2 is 2.3.232.
2026.03.25 13:47:04 INFO  no build target found for /home/naswek/scala_projects/lab1/src/main/scala/Colors.scala. Using presentation compiler with project's scala-library version: 3.3.7
мар. 25, 2026 1:47:05 PM org.eclipse.lsp4j.jsonrpc.RemoteEndpoint handleCancellation
WARNING: Unmatched cancel notification for request id 1
мар. 25, 2026 1:47:05 PM org.eclipse.lsp4j.jsonrpc.RemoteEndpoint handleCancellation
WARNING: Unmatched cancel notification for request id 4
мар. 25, 2026 1:47:05 PM org.eclipse.lsp4j.jsonrpc.RemoteEndpoint handleCancellation
WARNING: Unmatched cancel notification for request id 2
2026.03.25 13:47:05 INFO  no build target found for /home/naswek/scala_projects/lab1/src/main/scala/Colors.scala. Using presentation compiler with project's scala-library version: 3.3.7
2026.03.25 13:47:05 INFO  no build target found for /home/naswek/scala_projects/lab1/src/main/scala/IOHelper.scala. Using presentation compiler with project's scala-library version: 3.3.7
2026.03.25 13:47:05 INFO  Attempting to connect to the build server...
2026.03.25 13:47:05 INFO  No running Bloop server found, starting one.
2026.03.25 13:47:05 ERROR Running process '/usr/lib/jvm/java-21-openjdk-amd64/bin/jps -l' failed
java.io.IOException: Cannot run program "/usr/lib/jvm/java-21-openjdk-amd64/bin/jps" (in directory "/home/naswek/.local/share/scalacli/bloop"): Exec failed, error: 2 (Нет такого файла или каталога) 
	at java.lang.ProcessBuilder.start(ProcessBuilder.java:1170)
	at java.lang.ProcessBuilder.start(ProcessBuilder.java:1089)
	at scala.meta.internal.process.SystemProcess$.run(SystemProcess.scala:48)
	at scala.meta.internal.builds.ShellRunner$.runSync(ShellRunner.scala:153)
	at scala.meta.internal.metals.BloopServers.$anonfun$checkOldBloopRunning$1(BloopServers.scala:268)
	at scala.Option.flatMap(Option.scala:283)
	at scala.meta.internal.metals.BloopServers.checkOldBloopRunning(BloopServers.scala:266)
	at scala.meta.internal.metals.BloopServers.connect(BloopServers.scala:395)
	at scala.meta.internal.metals.BloopServers.$anonfun$newServer$1(BloopServers.scala:104)
	at scala.meta.internal.metals.BuildServerConnection$.setupServer$1(BuildServerConnection.scala:631)
	at scala.meta.internal.metals.BuildServerConnection$.fromSockets(BuildServerConnection.scala:700)
	at scala.meta.internal.metals.BloopServers.newServer(BloopServers.scala:96)
	at scala.meta.internal.bsp.BspConnector.connect$1(BspConnector.scala:137)
	at scala.meta.internal.bsp.BspConnector.connect(BspConnector.scala:260)
	at scala.meta.internal.metals.ConnectionProvider$Connect$.$anonfun$createSession$7(ConnectionProvider.scala:586)
	at scala.concurrent.impl.Promise$Transformation.run(Promise.scala:503)
	at java.util.concurrent.ThreadPoolExecutor.runWorker(ThreadPoolExecutor.java:1144)
	at java.util.concurrent.ThreadPoolExecutor$Worker.run(ThreadPoolExecutor.java:642)
	at java.lang.Thread.run(Thread.java:1583)
Caused by: java.io.IOException: Exec failed, error: 2 (Нет такого файла или каталога) 
	at java.lang.ProcessImpl.forkAndExec(Native Method)
	at java.lang.ProcessImpl.<init>(ProcessImpl.java:295)
	at java.lang.ProcessImpl.start(ProcessImpl.java:225)
	at java.lang.ProcessBuilder.start(ProcessBuilder.java:1126)
	at java.lang.ProcessBuilder.start(ProcessBuilder.java:1089)
	at scala.meta.internal.process.SystemProcess$.run(SystemProcess.scala:48)
	at scala.meta.internal.builds.ShellRunner$.runSync(ShellRunner.scala:153)
	at scala.meta.internal.metals.BloopServers.$anonfun$checkOldBloopRunning$1(BloopServers.scala:268)
	at scala.Option.flatMap(Option.scala:283)
	at scala.meta.internal.metals.BloopServers.checkOldBloopRunning(BloopServers.scala:266)
	at scala.meta.internal.metals.BloopServers.connect(BloopServers.scala:395)
	at scala.meta.internal.metals.BloopServers.$anonfun$newServer$1(BloopServers.scala:104)
	at scala.meta.internal.metals.BuildServerConnection$.setupServer$1(BuildServerConnection.scala:631)
	at scala.meta.internal.metals.BuildServerConnection$.fromSockets(BuildServerConnection.scala:700)
	at scala.meta.internal.metals.BloopServers.newServer(BloopServers.scala:96)
	at scala.meta.internal.bsp.BspConnector.connect$1(BspConnector.scala:137)
	at scala.meta.internal.bsp.BspConnector.connect(BspConnector.scala:260)
	at scala.meta.internal.metals.ConnectionProvider$Connect$.$anonfun$createSession$7(ConnectionProvider.scala:586)
	at scala.concurrent.impl.Promise$Transformation.run(Promise.scala:503)
	at java.util.concurrent.ThreadPoolExecutor.runWorker(ThreadPoolExecutor.java:1144)
	at java.util.concurrent.ThreadPoolExecutor$Worker.run(ThreadPoolExecutor.java:642)
	at java.lang.Thread.run(Thread.java:1583)

2026.03.25 13:47:05 INFO  no build target found for /home/naswek/scala_projects/lab1/src/main/scala/IOHelper.scala. Using presentation compiler with project's scala-library version: 3.3.7
2026.03.25 13:47:05 INFO  Starting compilation server
2026.03.25 13:47:06 INFO  tracing is disabled for protocol BSP, to enable tracing of incoming and outgoing JSON messages create an empty file at /home/naswek/scala_projects/lab1/.metals/bsp.trace.json or /home/naswek/.cache/metals/bsp.trace.json
2026.03.25 13:47:07 INFO  Attempting to connect to the build server...
2026.03.25 13:47:07 INFO  Found a Bloop server running
2026.03.25 13:47:07 INFO  tracing is disabled for protocol BSP, to enable tracing of incoming and outgoing JSON messages create an empty file at /home/naswek/scala_projects/lab1/project/.metals/bsp.trace.json or /home/naswek/.cache/metals/bsp.trace.json
2026.03.25 13:47:10 INFO  time: Connected to build server in 4.86s
2026.03.25 13:47:10 INFO  Connected to Build server: Bloop v2.0.19
2026.03.25 13:47:16 WARN  Could not find java sources in /usr/lib/jvm/src.zip, /usr/lib/jvm/lib/src.zip, /usr/lib/jvm/java-21-openjdk-amd64/src.zip, /usr/lib/jvm/java-21-openjdk-amd64/lib/src.zip. Java symbols will not be available.
2026.03.25 13:47:19 INFO  time: indexed workspace in 9.18s
bad option: '-release'
мар. 25, 2026 1:47:19 PM scala.meta.internal.pc.ScalaPresentationCompiler newCompiler
WARNING: Unknown compiler options: -release, 17
2026.03.25 16:23:22 INFO  Found a Bloop server running
2026.03.25 16:23:23 INFO  tracing is disabled for protocol BSP, to enable tracing of incoming and outgoing JSON messages create an empty file at /home/naswek/scala_projects/lab1/project/.metals/bsp.trace.json or /home/naswek/.cache/metals/bsp.trace.json
2026.03.25 20:29:03 INFO  [0m[31m[E][0m Exiting BSP server with null
2026.03.25 20:29:03 INFO  [0m[31m[E][0m Exiting BSP server with null
2026.03.25 20:29:03 ERROR Bloop 'bsp' command exited with code 1. Something may be wrong with the current configuration.
Running the [1mclean[0m sub-command to clear the working directory and remove caches might help.
If the error persists, please report the issue as a bug and attach a log with increased verbosity by passing [1m-v -v -v[0m.
2026.03.25 20:29:03 ERROR Bloop 'bsp' command exited with code 1. Something may be wrong with the current configuration.
Running the [1mclean[0m sub-command to clear the working directory and remove caches might help.
If the error persists, please report the issue as a bug and attach a log with increased verbosity by passing [1m-v -v -v[0m.
2026.03.25 20:29:03 INFO  Found a Bloop server running
2026.03.25 20:29:03 INFO  Found a Bloop server running
2026.03.25 20:29:03 INFO  tracing is disabled for protocol BSP, to enable tracing of incoming and outgoing JSON messages create an empty file at /home/naswek/scala_projects/lab1/project/.metals/bsp.trace.json or /home/naswek/.cache/metals/bsp.trace.json
2026.03.25 20:29:03 INFO  tracing is disabled for protocol BSP, to enable tracing of incoming and outgoing JSON messages create an empty file at /home/naswek/scala_projects/lab1/.metals/bsp.trace.json or /home/naswek/.cache/metals/bsp.trace.json
2026.03.25 20:29:03 INFO  Connected to Build server: Bloop v2.0.19
2026.03.25 20:29:08 WARN  Could not find java sources in /usr/lib/jvm/src.zip, /usr/lib/jvm/lib/src.zip, /usr/lib/jvm/java-21-openjdk-amd64/src.zip, /usr/lib/jvm/java-21-openjdk-amd64/lib/src.zip. Java symbols will not be available.
2026.03.25 20:29:08 INFO  time: indexed workspace in 5.06s
bad option: '-release'
мар. 25, 2026 8:29:09 PM scala.meta.internal.pc.ScalaPresentationCompiler newCompiler
WARNING: Unknown compiler options: -release, 17
2026.03.25 21:37:12 INFO  Found a Bloop server running
2026.03.25 21:37:12 INFO  tracing is disabled for protocol BSP, to enable tracing of incoming and outgoing JSON messages create an empty file at /home/naswek/scala_projects/lab1/.metals/bsp.trace.json or /home/naswek/.cache/metals/bsp.trace.json
2026.03.25 21:37:12 INFO  Connected to Build server: Bloop v2.0.19
2026.03.25 21:37:15 WARN  Could not find java sources in /usr/lib/jvm/src.zip, /usr/lib/jvm/lib/src.zip, /usr/lib/jvm/java-21-openjdk-amd64/src.zip, /usr/lib/jvm/java-21-openjdk-amd64/lib/src.zip. Java symbols will not be available.
2026.03.25 21:37:15 INFO  time: indexed workspace in 4.05s
bad option: '-release'
мар. 25, 2026 9:37:16 PM scala.meta.internal.pc.ScalaPresentationCompiler newCompiler
WARNING: Unknown compiler options: -release, 17
2026.03.25 22:38:59 INFO  Found a Bloop server running
2026.03.25 22:38:59 INFO  Found a Bloop server running
2026.03.25 22:38:59 INFO  tracing is disabled for protocol BSP, to enable tracing of incoming and outgoing JSON messages create an empty file at /home/naswek/scala_projects/lab1/.metals/bsp.trace.json or /home/naswek/.cache/metals/bsp.trace.json
2026.03.25 22:38:59 INFO  tracing is disabled for protocol BSP, to enable tracing of incoming and outgoing JSON messages create an empty file at /home/naswek/scala_projects/lab1/project/.metals/bsp.trace.json or /home/naswek/.cache/metals/bsp.trace.json
2026.03.25 22:38:59 INFO  Connected to Build server: Bloop v2.0.19
2026.03.25 22:39:03 WARN  Could not find java sources in /usr/lib/jvm/src.zip, /usr/lib/jvm/lib/src.zip, /usr/lib/jvm/java-21-openjdk-amd64/src.zip, /usr/lib/jvm/java-21-openjdk-amd64/lib/src.zip. Java symbols will not be available.
2026.03.25 22:39:03 INFO  time: indexed workspace in 4.6s
bad option: '-release'
мар. 25, 2026 10:39:04 PM scala.meta.internal.pc.ScalaPresentationCompiler newCompiler
WARNING: Unknown compiler options: -release, 17
2026.03.26 14:47:35 INFO  no build target found for /home/naswek/scala_projects/lab1/project/project/metals.sbt. Using presentation compiler with project's scala-library version: 2.12.21
2026.03.26 14:47:35 INFO  no build target found for /home/naswek/scala_projects/lab1/project/project/metals.sbt. Using presentation compiler with project's scala-library version: 2.12.21
2026.03.26 14:47:35 WARN  no build target for: /home/naswek/scala_projects/lab1/project/project/metals.sbt
2026.03.26 14:47:35 INFO  no build target found for /home/naswek/scala_projects/lab1/project/project/metals.sbt. Using presentation compiler with project's scala-library version: 2.12.21
2026.03.26 14:47:38 INFO  no build target found for /home/naswek/scala_projects/lab1/project/project/metals.sbt. Using presentation compiler with project's scala-library version: 2.12.21
2026.03.26 14:47:40 INFO  no build target found for /home/naswek/scala_projects/lab1/project/metals.sbt. Using presentation compiler with project's scala-library version: 2.12.21
2026.03.26 14:47:40 WARN  no build target for: /home/naswek/scala_projects/lab1/project/metals.sbt
2026.03.26 14:47:40 INFO  no build target found for /home/naswek/scala_projects/lab1/project/metals.sbt. Using presentation compiler with project's scala-library version: 2.12.21
2026.03.26 14:47:40 INFO  no build target found for /home/naswek/scala_projects/lab1/project/metals.sbt. Using presentation compiler with project's scala-library version: 2.12.21
2026.03.26 14:47:40 INFO  no build target found for /home/naswek/scala_projects/lab1/project/metals.sbt. Using presentation compiler with project's scala-library version: 2.12.21
2026.03.26 14:47:41 INFO  no build target found for /home/naswek/scala_projects/lab1/project/metals.sbt. Using presentation compiler with project's scala-library version: 2.12.21
2026.03.26 14:47:41 INFO  no build target found for /home/naswek/scala_projects/lab1/project/metals.sbt. Using presentation compiler with project's scala-library version: 2.12.21
2026.03.26 14:47:41 INFO  no build target found for /home/naswek/scala_projects/lab1/project/metals.sbt. Using presentation compiler with project's scala-library version: 2.12.21
2026.03.26 14:47:41 INFO  no build target found for /home/naswek/scala_projects/lab1/project/metals.sbt. Using presentation compiler with project's scala-library version: 2.12.21
2026.03.26 14:47:41 INFO  no build target found for /home/naswek/scala_projects/lab1/project/metals.sbt. Using presentation compiler with project's scala-library version: 2.12.21
мар. 26, 2026 2:47:41 PM org.eclipse.lsp4j.jsonrpc.RemoteEndpoint handleCancellation
WARNING: Unmatched cancel notification for request id 73
2026.03.26 14:47:41 INFO  no build target found for /home/naswek/scala_projects/lab1/project/metals.sbt. Using presentation compiler with project's scala-library version: 2.12.21
2026.03.26 14:47:41 INFO  no build target found for /home/naswek/scala_projects/lab1/project/metals.sbt. Using presentation compiler with project's scala-library version: 2.12.21
2026.03.26 15:46:35 INFO  Shutting down server
2026.03.26 15:46:35 INFO  Memory monitor stopped
2026.03.26 15:46:35 INFO  shutting down Metals
2026.03.26 15:46:35 INFO  Shut down connection with build server.
2026.03.26 15:46:35 INFO  Shut down connection with build server.
2026.03.26 15:46:35 INFO  Exiting server
2026.03.26 15:46:43 INFO  Started: Metals version 1.6.6 in folders '/home/naswek/scala_projects/lab1' for client Visual Studio Code 1.108.2.
2026.03.26 15:46:43 INFO  Memory monitor started
2026.03.26 15:46:43 WARN  Using H2 2.4.240 which is newer than the version Flyway has been verified with. The latest verified version of H2 is 2.3.232.
2026.03.26 15:46:43 INFO  no build target found for /home/naswek/scala_projects/lab1/project/metals.sbt. Using presentation compiler with project's scala-library version: 3.3.7
2026.03.26 15:46:47 INFO  no build target found for /home/naswek/scala_projects/lab1/project/metals.sbt. Using presentation compiler with project's scala-library version: 3.3.7
2026.03.26 15:46:47 INFO  no build target found for /home/naswek/scala_projects/lab1/project/metals.sbt. Using presentation compiler with project's scala-library version: 3.3.7
2026.03.26 15:46:47 INFO  no build target found for /home/naswek/scala_projects/lab1/project/metals.sbt. Using presentation compiler with project's scala-library version: 3.3.7
2026.03.26 15:46:47 INFO  Attempting to connect to the build server...
2026.03.26 15:46:47 INFO  Found a Bloop server running
мар. 26, 2026 3:46:47 PM org.eclipse.lsp4j.jsonrpc.RemoteEndpoint handleCancellation
WARNING: Unmatched cancel notification for request id 5
мар. 26, 2026 3:46:47 PM org.eclipse.lsp4j.jsonrpc.RemoteEndpoint handleCancellation
WARNING: Unmatched cancel notification for request id 6
2026.03.26 15:46:47 INFO  no build target found for /home/naswek/scala_projects/lab1/project/metals.sbt. Using presentation compiler with project's scala-library version: 3.3.7
2026.03.26 15:46:47 INFO  tracing is disabled for protocol BSP, to enable tracing of incoming and outgoing JSON messages create an empty file at /home/naswek/scala_projects/lab1/.metals/bsp.trace.json or /home/naswek/.cache/metals/bsp.trace.json
2026.03.26 15:46:47 INFO  Attempting to connect to the build server...
2026.03.26 15:46:47 INFO  Found a Bloop server running
2026.03.26 15:46:47 INFO  tracing is disabled for protocol BSP, to enable tracing of incoming and outgoing JSON messages create an empty file at /home/naswek/scala_projects/lab1/project/.metals/bsp.trace.json or /home/naswek/.cache/metals/bsp.trace.json
2026.03.26 15:46:47 INFO  time: Connected to build server in 0.46s
2026.03.26 15:46:47 INFO  Connected to Build server: Bloop v2.0.19
2026.03.26 15:46:48 INFO  time: Imported build in 0.14s
2026.03.26 15:46:47 WARN  Could not find semantic tokens for: file:///home/naswek/scala_projects/lab1/project/metals.sbt
2026.03.26 15:46:49 WARN  Could not find java sources in /usr/lib/jvm/src.zip, /usr/lib/jvm/lib/src.zip, /usr/lib/jvm/java-21-openjdk-amd64/src.zip, /usr/lib/jvm/java-21-openjdk-amd64/lib/src.zip. Java symbols will not be available.
2026.03.26 15:46:49 INFO  time: indexed workspace in 2.28s
2026.03.26 15:46:50 WARN  no build target for: /home/naswek/scala_projects/lab1/project/metals.sbt
2026.03.26 15:46:50 INFO  no build target found for /home/naswek/scala_projects/lab1/project/metals.sbt. Using presentation compiler with project's scala-library version: 2.12.21
2026.03.26 15:46:50 INFO  no build target found for /home/naswek/scala_projects/lab1/project/metals.sbt. Using presentation compiler with project's scala-library version: 2.12.21
2026.03.26 15:46:50 WARN  no build target for: /home/naswek/scala_projects/lab1/project/metals.sbt
2026.03.26 15:46:52 INFO  time: code lens generation in 1.64s
2026.03.26 15:46:53 INFO  no build target found for /home/naswek/scala_projects/lab1/project/metals.sbt. Using presentation compiler with project's scala-library version: 2.12.21
2026.03.26 15:47:42 INFO  Shutting down server
2026.03.26 15:47:42 INFO  Memory monitor stopped
2026.03.26 15:47:42 INFO  shutting down Metals
2026.03.26 15:47:42 INFO  Shut down connection with build server.
2026.03.26 15:47:42 INFO  Shut down connection with build server.
2026.03.26 15:47:42 INFO  Exiting server
