[debug] > Exec(early(addDefaultCommands), None, None)
[debug] > Exec(addDefaultCommands, None, None)
[debug] > Exec(early(initialize), None, None)
[debug] > Exec(initialize, None, None)
[debug] > Exec(boot, None, None)
[debug] > Exec(writeSbtVersion, None, None)
[debug] > Exec(reload, None, None)
[debug] > Exec(sbtStashOnFailure, None, None)
[debug] > Exec(onFailure loadFailed, None, None)
[debug] > Exec(loadp, None, None)
[info] welcome to sbt 1.12.5 (Arch Linux Java 17.0.19)
[debug] Load.defaultLoad until apply took 326.329776ms
[debug]                 Load.loadUnit: plugins took 96.399108ms
[debug]                 Load.loadUnit: defsScala took 0.22996ms
[debug] [Loading] Scanning directory /home/naswek/scala_projects/lab2/backend/project/project
[debug]                   Load.loadUnit: mkEval took 4.191307ms
[debug] [Loading] Found non-root projects 
[debug] [Loading] Done in /home/naswek/scala_projects/lab2/backend/project/project, returning: ()
[debug] deducing auto plugins based on known facts Set(Atom(sbt.plugins.CorePlugin)) and clauses Clauses(Clause(Atom(sbt.plugins.JvmPlugin),Set(Atom(sbt.plugins.IvyPlugin)))
[debug] Clause(Atom(sbt.ScriptedPlugin),Set(Atom(sbt.plugins.JvmPlugin)))
[debug] Clause(Atom(sbt.plugins.SbtPlugin),Set(Atom(sbt.ScriptedPlugin)))
[debug] Clause(Atom(sbt.plugins.SemanticdbPlugin),Set(Atom(sbt.plugins.JvmPlugin)))
[debug] Clause(Atom(sbt.plugins.JUnitXmlReportPlugin),Set(Atom(sbt.plugins.JvmPlugin)))
[debug] Clause(Atom(sbt.plugins.MiniDependencyTreePlugin),Set(Atom(sbt.plugins.JvmPlugin)))
[debug] Clause(Atom(sbt.plugins.CorePlugin),Set(Atom(sbt.plugins.IvyPlugin)))
[debug] Clause(Atom(sbt.plugins.IvyPlugin),Set(Atom(sbt.plugins.JvmPlugin)))
[debug] Clause(Atom(sbt.plugins.JvmPlugin),Set(Atom(sbt.plugins.SemanticdbPlugin)))
[debug] Clause(Atom(sbt.plugins.JvmPlugin),Set(Atom(sbt.plugins.JUnitXmlReportPlugin)))
[debug] Clause(Atom(sbt.plugins.CorePlugin),Set(Atom(sbt.plugins.Giter8TemplatePlugin)))
[debug] Clause(Atom(sbt.plugins.JvmPlugin),Set(Atom(sbt.plugins.MiniDependencyTreePlugin))))
[debug]   :: deduced result: Matched(sbt.plugins.CorePlugin,sbt.plugins.Giter8TemplatePlugin,sbt.plugins.IvyPlugin,sbt.plugins.JvmPlugin,sbt.plugins.MiniDependencyTreePlugin,sbt.plugins.JUnitXmlReportPlugin,sbt.plugins.SemanticdbPlugin)
[debug] Plugins.deducer#function took 12.701953 ms
[info] loading settings for project backend-build-build from metals.sbt...
[debug]                     Load.resolveProject(backend-build-build) took 60.667184ms
[debug]                   Load.loadTransitive: finalizeProject(Project(id backend-build-build, base: /home/naswek/scala_projects/lab2/backend/project/project, plugins: List(<none>))) took 89.482781ms
[debug] [Loading] Done in /home/naswek/scala_projects/lab2/backend/project/project, returning: (backend-build-build)
[debug]                 Load.loadUnit: loadedProjectsRaw took 729.995016ms
[debug]                 Load.loadUnit: cleanEvalClasses took 35.827683ms
[debug]               Load.loadUnit(file:/home/naswek/scala_projects/lab2/backend/project/project/, ...) took 868.317182ms
[debug]             Load.apply: load took 1009.306349ms
[debug]             Load.apply: resolveProjects took 5.273228ms
[debug]             Load.apply: finalTransforms took 100.701925ms
[debug]             Load.apply: config.delegates took 6.269659ms
[debug]             Load.apply: Def.make(settings)... took 344.11404ms
[debug]             Load.apply: structureIndex took 107.691879ms
[debug]             Load.apply: mkStreams took 1.276283ms
[info] loading project definition from /home/naswek/scala_projects/lab2/backend/project/project
[debug] Running task... Cancel: Signal, check cycles: false, forcegc: true
[debug]           Load.loadUnit: plugins took 5595.545034ms
[debug]           Load.loadUnit: defsScala took 0.016321ms
[debug] [Loading] Scanning directory /home/naswek/scala_projects/lab2/backend/project
[debug]             Load.loadUnit: mkEval took 0.249045ms
[debug] [Loading] Found non-root projects 
[debug] [Loading] Done in /home/naswek/scala_projects/lab2/backend/project, returning: ()
[debug] deducing auto plugins based on known facts Set(Atom(sbt.plugins.CorePlugin)) and clauses Clauses(Clause(Atom(sbt.plugins.JvmPlugin),Set(Atom(sbt.plugins.IvyPlugin)))
[debug] Clause(Atom(sbt.ScriptedPlugin),Set(Atom(sbt.plugins.JvmPlugin)))
[debug] Clause(Atom(sbt.plugins.SbtPlugin),Set(Atom(sbt.ScriptedPlugin)))
[debug] Clause(Atom(sbt.plugins.SemanticdbPlugin),Set(Atom(sbt.plugins.JvmPlugin)))
[debug] Clause(Atom(sbt.plugins.JUnitXmlReportPlugin),Set(Atom(sbt.plugins.JvmPlugin)))
[debug] Clause(Atom(sbt.plugins.MiniDependencyTreePlugin),Set(Atom(sbt.plugins.JvmPlugin)))
[debug] Clause(Atom(bloop.integrations.sbt.BloopPlugin),Set(Atom(sbt.plugins.JvmPlugin)))
[debug] Clause(Atom(sbt.plugins.CorePlugin),Set(Atom(sbt.plugins.IvyPlugin)))
[debug] Clause(Atom(sbt.plugins.IvyPlugin),Set(Atom(sbt.plugins.JvmPlugin)))
[debug] Clause(Atom(sbt.plugins.JvmPlugin),Set(Atom(sbt.plugins.SemanticdbPlugin)))
[debug] Clause(Atom(sbt.plugins.JvmPlugin),Set(Atom(sbt.plugins.JUnitXmlReportPlugin)))
[debug] Clause(Atom(sbt.plugins.CorePlugin),Set(Atom(sbt.plugins.Giter8TemplatePlugin)))
[debug] Clause(Atom(sbt.plugins.JvmPlugin),Set(Atom(sbt.plugins.MiniDependencyTreePlugin)))
[debug] Clause(Atom(sbt.plugins.JvmPlugin),Set(Atom(bloop.integrations.sbt.BloopPlugin))))
[debug]   :: deduced result: Matched(sbt.plugins.CorePlugin,sbt.plugins.Giter8TemplatePlugin,sbt.plugins.IvyPlugin,sbt.plugins.JvmPlugin,bloop.integrations.sbt.BloopPlugin,sbt.plugins.MiniDependencyTreePlugin,sbt.plugins.JUnitXmlReportPlugin,sbt.plugins.SemanticdbPlugin)
[debug] Plugins.deducer#function took 2.49009 ms
[info] loading settings for project backend-build from metals.sbt, plugins.sbt...
[debug]               Load.resolveProject(backend-build) took 31.352876ms
[debug]             Load.loadTransitive: finalizeProject(Project(id backend-build, base: /home/naswek/scala_projects/lab2/backend/project, plugins: List(<none>))) took 34.727017ms
[debug] [Loading] Done in /home/naswek/scala_projects/lab2/backend/project, returning: (backend-build)
[debug]           Load.loadUnit: loadedProjectsRaw took 211.696453ms
[debug]           Load.loadUnit: cleanEvalClasses took 1.108511ms
[debug]         Load.loadUnit(file:/home/naswek/scala_projects/lab2/backend/project/, ...) took 5810.561697ms
[debug]       Load.apply: load took 5813.625209ms
[debug]       Load.apply: resolveProjects took 0.354823ms
[debug]       Load.apply: finalTransforms took 31.061332ms
[debug]       Load.apply: config.delegates took 0.628935ms
[debug]       Load.apply: Def.make(settings)... took 106.288739ms
[debug]       Load.apply: structureIndex took 31.72461ms
[debug]       Load.apply: mkStreams took 0.003977ms
[info] loading project definition from /home/naswek/scala_projects/lab2/backend/project
[debug] Evaluating tasks: bloopInstall
[debug] Running task... Cancel: Signal, check cycles: false, forcegc: true
